This is TeX, C Version 3.0 (format=lplain 91.2.15)  7 MAR 1994 08:35
**&latex jhforth
(jhforth.tex
LaTeX Version 2.09 <7 Dec 1989>
(/usr/local/lib/tex/inputs/article.sty
Document Style `article' <16 Mar 88>.
(/usr/local/lib/tex/inputs/art10.sty)
\c@part=\count79
\c@section=\count80
\c@subsection=\count81
\c@subsubsection=\count82
\c@paragraph=\count83
\c@subparagraph=\count84
\c@figure=\count85
\c@table=\count86
)
(/usr/local/lib/tex/inputs/fancyheadings.sty
\headrulewidth=\dimen99
\footrulewidth=\dimen100
\plainheadrulewidth=\dimen101
\plainfootrulewidth=\dimen102
\headwidth=\dimen103
) (jhforth.aux) [1

] [2] [3]
[4] (jhforth.aux) ) 
Here is how much of TeX's memory you used:
 210 strings out of 6960
 2013 string characters out of 63309
 33849 words of memory out of 262141
 2159 multiletter control sequences out of 9500
 18996 words of font info for 72 fonts, out of 72000 for 255
 14 hyphenation exceptions out of 607
 16i,11n,15p,164b,220s stack positions out of 300i,40n,60p,3000b,4000s

Output written on jhforth.dvi (4 pages, 11560 bytes).
